<?xml version="1.0" encoding="UTF-8"?>
<testsuite name="mutant.services.com.MutantUnitary" tests="1" skipped="0" failures="1" errors="0" timestamp="2021-05-12T02:32:16" hostname="MacBook-Pro-de-Kevin.local" time="0.0">
  <properties/>
  <testcase name="initializationError" classname="mutant.services.com.MutantUnitary" time="0.0">
    <failure message="io.micronaut.context.exceptions.BeanInstantiationException: Error instantiating bean of type  [io.micronaut.http.server.netty.configuration.NettyHttpServerConfiguration]&#10;&#10;Message: Could not resolve placeholder ${APPNAME}&#10;Path Taken: new NettyHttpServer([NettyHttpServerConfiguration serverConfiguration],ApplicationContext applicationContext,Router router,RequestArgumentSatisfier requestArgumentSatisfier,MediaTypeCodecRegistry mediaTypeCodecRegistry,NettyCustomizableResponseTypeHandlerRegistry customizableResponseTypeHandlerRegistry,StaticResourceResolver resourceResolver,Provider ioExecutor,ThreadFactory threadFactory,ExecutorSelector executorSelector,ServerSslBuilder serverSslBuilder,List outboundHandlers,EventLoopGroupFactory eventLoopGroupFactory,EventLoopGroupRegistry eventLoopGroupRegistry,HttpCompressionStrategy httpCompressionStrategy,HttpContentProcessorResolver httpContentProcessorResolver,ChannelOptionFactory channelOptionFactory) --&gt; new NettyHttpServerConfiguration([ApplicationConfiguration applicationConfiguration],List pipelineCustomizers)" type="io.micronaut.context.exceptions.BeanInstantiationException">io.micronaut.context.exceptions.BeanInstantiationException: Error instantiating bean of type  [io.micronaut.http.server.netty.configuration.NettyHttpServerConfiguration]

Message: Could not resolve placeholder ${APPNAME}
Path Taken: new NettyHttpServer([NettyHttpServerConfiguration serverConfiguration],ApplicationContext applicationContext,Router router,RequestArgumentSatisfier requestArgumentSatisfier,MediaTypeCodecRegistry mediaTypeCodecRegistry,NettyCustomizableResponseTypeHandlerRegistry customizableResponseTypeHandlerRegistry,StaticResourceResolver resourceResolver,Provider ioExecutor,ThreadFactory threadFactory,ExecutorSelector executorSelector,ServerSslBuilder serverSslBuilder,List outboundHandlers,EventLoopGroupFactory eventLoopGroupFactory,EventLoopGroupRegistry eventLoopGroupRegistry,HttpCompressionStrategy httpCompressionStrategy,HttpContentProcessorResolver httpContentProcessorResolver,ChannelOptionFactory channelOptionFactory) --&gt; new NettyHttpServerConfiguration([ApplicationConfiguration applicationConfiguration],List pipelineCustomizers)
	at io.micronaut.context.DefaultBeanContext.doCreateBean(DefaultBeanContext.java:1925)
	at io.micronaut.context.DefaultBeanContext.createAndRegisterSingletonInternal(DefaultBeanContext.java:2679)
	at io.micronaut.context.DefaultBeanContext.createAndRegisterSingleton(DefaultBeanContext.java:2665)
	at io.micronaut.context.DefaultBeanContext.getBeanForDefinition(DefaultBeanContext.java:2337)
	at io.micronaut.context.DefaultBeanContext.getBeanInternal(DefaultBeanContext.java:2311)
	at io.micronaut.context.DefaultBeanContext.getBean(DefaultBeanContext.java:1245)
	at io.micronaut.context.AbstractBeanDefinition.getBeanForConstructorArgument(AbstractBeanDefinition.java:1013)
	at io.micronaut.http.server.netty.configuration.$NettyHttpServerConfigurationDefinition.build(Unknown Source)
	at io.micronaut.context.DefaultBeanContext.doCreateBean(DefaultBeanContext.java:1898)
	at io.micronaut.context.DefaultBeanContext.createAndRegisterSingletonInternal(DefaultBeanContext.java:2679)
	at io.micronaut.context.DefaultBeanContext.createAndRegisterSingleton(DefaultBeanContext.java:2665)
	at io.micronaut.context.DefaultBeanContext.getBeanForDefinition(DefaultBeanContext.java:2337)
	at io.micronaut.context.DefaultBeanContext.getBeanInternal(DefaultBeanContext.java:2311)
	at io.micronaut.context.DefaultBeanContext.getBean(DefaultBeanContext.java:1245)
	at io.micronaut.context.AbstractBeanDefinition.getBeanForConstructorArgument(AbstractBeanDefinition.java:1013)
	at io.micronaut.http.server.netty.$NettyHttpServerDefinition.build(Unknown Source)
	at io.micronaut.context.DefaultBeanContext.doCreateBean(DefaultBeanContext.java:1898)
	at io.micronaut.context.DefaultBeanContext.createAndRegisterSingletonInternal(DefaultBeanContext.java:2679)
	at io.micronaut.context.DefaultBeanContext.createAndRegisterSingleton(DefaultBeanContext.java:2665)
	at io.micronaut.context.DefaultBeanContext.getBeanForDefinition(DefaultBeanContext.java:2337)
	at io.micronaut.context.DefaultBeanContext.getBeanInternal(DefaultBeanContext.java:2311)
	at io.micronaut.context.DefaultBeanContext.getBean(DefaultBeanContext.java:733)
	at io.micronaut.test.extensions.AbstractMicronautExtension.beforeClass(AbstractMicronautExtension.java:238)
	at io.micronaut.test.extensions.junit5.MicronautJunit5Extension.beforeAll(MicronautJunit5Extension.java:54)
	at org.junit.jupiter.engine.descriptor.ClassBasedTestDescriptor.lambda$invokeBeforeAllCallbacks$8(ClassBasedTestDescriptor.java:368)
	at org.junit.platform.engine.support.hierarchical.ThrowableCollector.execute(ThrowableCollector.java:73)
	at org.junit.jupiter.engine.descriptor.ClassBasedTestDescriptor.invokeBeforeAllCallbacks(ClassBasedTestDescriptor.java:368)
	at org.junit.jupiter.engine.descriptor.ClassBasedTestDescriptor.before(ClassBasedTestDescriptor.java:192)
	at org.junit.jupiter.engine.descriptor.ClassBasedTestDescriptor.before(ClassBasedTestDescriptor.java:78)
	at org.junit.platform.engine.support.hierarchical.NodeTestTask.lambda$executeRecursively$5(NodeTestTask.java:136)
	at org.junit.platform.engine.support.hierarchical.ThrowableCollector.execute(ThrowableCollector.java:73)
	at org.junit.platform.engine.support.hierarchical.NodeTestTask.lambda$executeRecursively$7(NodeTestTask.java:129)
	at org.junit.platform.engine.support.hierarchical.Node.around(Node.java:137)
	at org.junit.platform.engine.support.hierarchical.NodeTestTask.lambda$executeRecursively$8(NodeTestTask.java:127)
	at org.junit.platform.engine.support.hierarchical.ThrowableCollector.execute(ThrowableCollector.java:73)
	at org.junit.platform.engine.support.hierarchical.NodeTestTask.executeRecursively(NodeTestTask.java:126)
	at org.junit.platform.engine.support.hierarchical.NodeTestTask.execute(NodeTestTask.java:84)
	at java.base/java.util.ArrayList.forEach(ArrayList.java:1511)
	at org.junit.platform.engine.support.hierarchical.SameThreadHierarchicalTestExecutorService.invokeAll(SameThreadHierarchicalTestExecutorService.java:38)
	at org.junit.platform.engine.support.hierarchical.NodeTestTask.lambda$executeRecursively$5(NodeTestTask.java:143)
	at org.junit.platform.engine.support.hierarchical.ThrowableCollector.execute(ThrowableCollector.java:73)
	at org.junit.platform.engine.support.hierarchical.NodeTestTask.lambda$executeRecursively$7(NodeTestTask.java:129)
	at org.junit.platform.engine.support.hierarchical.Node.around(Node.java:137)
	at org.junit.platform.engine.support.hierarchical.NodeTestTask.lambda$executeRecursively$8(NodeTestTask.java:127)
	at org.junit.platform.engine.support.hierarchical.ThrowableCollector.execute(ThrowableCollector.java:73)
	at org.junit.platform.engine.support.hierarchical.NodeTestTask.executeRecursively(NodeTestTask.java:126)
	at org.junit.platform.engine.support.hierarchical.NodeTestTask.execute(NodeTestTask.java:84)
	at org.junit.platform.engine.support.hierarchical.SameThreadHierarchicalTestExecutorService.submit(SameThreadHierarchicalTestExecutorService.java:32)
	at org.junit.platform.engine.support.hierarchical.HierarchicalTestExecutor.execute(HierarchicalTestExecutor.java:57)
	at org.junit.platform.engine.support.hierarchical.HierarchicalTestEngine.execute(HierarchicalTestEngine.java:51)
	at org.junit.platform.launcher.core.EngineExecutionOrchestrator.execute(EngineExecutionOrchestrator.java:108)
	at org.junit.platform.launcher.core.EngineExecutionOrchestrator.execute(EngineExecutionOrchestrator.java:88)
	at org.junit.platform.launcher.core.EngineExecutionOrchestrator.lambda$execute$0(EngineExecutionOrchestrator.java:54)
	at org.junit.platform.launcher.core.EngineExecutionOrchestrator.withInterceptedStreams(EngineExecutionOrchestrator.java:67)
	at org.junit.platform.launcher.core.EngineExecutionOrchestrator.execute(EngineExecutionOrchestrator.java:52)
	at org.junit.platform.launcher.core.DefaultLauncher.execute(DefaultLauncher.java:96)
	at org.junit.platform.launcher.core.DefaultLauncher.execute(DefaultLauncher.java:75)
	at org.gradle.api.internal.tasks.testing.junitplatform.JUnitPlatformTestClassProcessor$CollectAllTestClassesExecutor.processAllTestClasses(JUnitPlatformTestClassProcessor.java:99)
	at org.gradle.api.internal.tasks.testing.junitplatform.JUnitPlatformTestClassProcessor$CollectAllTestClassesExecutor.access$000(JUnitPlatformTestClassProcessor.java:79)
	at org.gradle.api.internal.tasks.testing.junitplatform.JUnitPlatformTestClassProcessor.stop(JUnitPlatformTestClassProcessor.java:75)
	at org.gradle.api.internal.tasks.testing.SuiteTestClassProcessor.stop(SuiteTestClassProcessor.java:61)
	at java.base/jdk.internal.reflect.NativeMethodAccessorImpl.invoke0(Native Method)
	at java.base/jdk.internal.reflect.NativeMethodAccessorImpl.invoke(NativeMethodAccessorImpl.java:64)
	at java.base/jdk.internal.reflect.DelegatingMethodAccessorImpl.invoke(DelegatingMethodAccessorImpl.java:43)
	at java.base/java.lang.reflect.Method.invoke(Method.java:564)
	at org.gradle.internal.dispatch.ReflectionDispatch.dispatch(ReflectionDispatch.java:36)
	at org.gradle.internal.dispatch.ReflectionDispatch.dispatch(ReflectionDispatch.java:24)
	at org.gradle.internal.dispatch.ContextClassLoaderDispatch.dispatch(ContextClassLoaderDispatch.java:33)
	at org.gradle.internal.dispatch.ProxyDispatchAdapter$DispatchingInvocationHandler.invoke(ProxyDispatchAdapter.java:94)
	at com.sun.proxy.$Proxy2.stop(Unknown Source)
	at org.gradle.api.internal.tasks.testing.worker.TestWorker.stop(TestWorker.java:133)
	at java.base/jdk.internal.reflect.NativeMethodAccessorImpl.invoke0(Native Method)
	at java.base/jdk.internal.reflect.NativeMethodAccessorImpl.invoke(NativeMethodAccessorImpl.java:64)
	at java.base/jdk.internal.reflect.DelegatingMethodAccessorImpl.invoke(DelegatingMethodAccessorImpl.java:43)
	at java.base/java.lang.reflect.Method.invoke(Method.java:564)
	at org.gradle.internal.dispatch.ReflectionDispatch.dispatch(ReflectionDispatch.java:36)
	at org.gradle.internal.dispatch.ReflectionDispatch.dispatch(ReflectionDispatch.java:24)
	at org.gradle.internal.remote.internal.hub.MessageHubBackedObjectConnection$DispatchWrapper.dispatch(MessageHubBackedObjectConnection.java:182)
	at org.gradle.internal.remote.internal.hub.MessageHubBackedObjectConnection$DispatchWrapper.dispatch(MessageHubBackedObjectConnection.java:164)
	at org.gradle.internal.remote.internal.hub.MessageHub$Handler.run(MessageHub.java:414)
	at org.gradle.internal.concurrent.ExecutorPolicy$CatchAndRecordFailures.onExecute(ExecutorPolicy.java:64)
	at org.gradle.internal.concurrent.ManagedExecutorImpl$1.run(ManagedExecutorImpl.java:48)
	at java.base/java.util.concurrent.ThreadPoolExecutor.runWorker(ThreadPoolExecutor.java:1130)
	at java.base/java.util.concurrent.ThreadPoolExecutor$Worker.run(ThreadPoolExecutor.java:630)
	at org.gradle.internal.concurrent.ThreadFactoryImpl$ManagedThreadRunnable.run(ThreadFactoryImpl.java:56)
	at java.base/java.lang.Thread.run(Thread.java:832)
Caused by: io.micronaut.context.exceptions.ConfigurationException: Could not resolve placeholder ${APPNAME}
	at io.micronaut.context.env.DefaultPropertyPlaceholderResolver$PlaceholderSegment.getValue(DefaultPropertyPlaceholderResolver.java:260)
	at io.micronaut.context.env.DefaultPropertyPlaceholderResolver.resolveRequiredPlaceholders(DefaultPropertyPlaceholderResolver.java:86)
	at io.micronaut.context.env.PropertySourcePropertyResolver.resolvePlaceHoldersIfNecessary(PropertySourcePropertyResolver.java:792)
	at io.micronaut.context.env.PropertySourcePropertyResolver.getProperty(PropertySourcePropertyResolver.java:301)
	at io.micronaut.context.DefaultApplicationContext.getProperty(DefaultApplicationContext.java:186)
	at io.micronaut.context.AbstractBeanDefinition.resolveValue(AbstractBeanDefinition.java:1672)
	at io.micronaut.context.AbstractBeanDefinition.getValueForMethodArgument(AbstractBeanDefinition.java:791)
	at io.micronaut.runtime.$ApplicationConfigurationDefinition.injectBean(Unknown Source)
	at io.micronaut.runtime.$ApplicationConfigurationDefinition.build(Unknown Source)
	at io.micronaut.context.DefaultBeanContext.doCreateBean(DefaultBeanContext.java:1898)
	... 85 more
</failure>
  </testcase>
  <system-out><![CDATA[?[36m21:32:16.217?[0;39m ?[1;30m[Test worker]?[0;39m ?[34mINFO ?[0;39m ?[35mi.m.context.env.DefaultEnvironment?[0;39m - Established active environments: [test]
]]></system-out>
  <system-err><![CDATA[]]></system-err>
</testsuite>
